<?xml version="1.0" encoding="UTF-8"?>
<!-- Generated by org.testng.reporters.JUnitXMLReporter -->
<testsuite ignored="2" hostname="DESKTOP-5NEEPGF" failures="0" tests="2" name="Test" time="0.086" errors="0" timestamp="2024-10-28T22:13:22 IST">
  <testcase classname="Login.Login" name="Mtest" time="0.009"/>
  <testcase classname="Org.Organization" name="Mtest" time="0.001"/>
  <testcase classname="Org.Organization" name="Rtest" time="0.0">
    <ignored/>
  </testcase> <!-- Rtest -->
  <testcase classname="Login.Login" name="Rtest" time="0.0">
    <ignored/>
  </testcase> <!-- Rtest -->
</testsuite> <!-- Test -->
