<?xml version="1.0" encoding="UTF-8"?>
<!-- Generated by org.testng.reporters.JUnitXMLReporter -->
<testsuite ignored="2" hostname="DESKTOP-5NEEPGF" failures="0" tests="2" name="Test" time="0.039" errors="0" timestamp="28 Oct 2024 16:45:30 GMT">
  <testcase classname="Login.Login" name="Rtest" time="0.011"/>
  <testcase classname="Org.Organization" name="Rtest" time="0.001"/>
  <testcase classname="Org.Organization" name="Mtest" time="0.0">
    <ignored/>
  </testcase> <!-- Mtest -->
  <testcase classname="Login.Login" name="Mtest" time="0.0">
    <ignored/>
  </testcase> <!-- Mtest -->
</testsuite> <!-- Test -->
