<?xml version="1.0" encoding="UTF-8"?>
<testng-results ignored="2" total="4" passed="2" failed="0" skipped="0">
  <reporter-output>
  </reporter-output>
  <suite started-at="2024-10-28T16:45:29Z" name="Suite" finished-at="2024-10-28T16:45:29Z" duration-ms="39">
    <groups>
      <group name="regression">
        <method signature="Login.Rtest()[pri:0, instance:Login.Login@272113c4]" name="Rtest" class="Login.Login"/>
        <method signature="Organization.Rtest()[pri:0, instance:Org.Organization@73e9cf30]" name="Rtest" class="Org.Organization"/>
      </group> <!-- regression -->
    </groups>
    <test started-at="2024-10-28T16:45:29Z" name="Test" finished-at="2024-10-28T16:45:29Z" duration-ms="39">
      <class name="Login.Login">
        <test-method signature="Rtest()[pri:0, instance:Login.Login@272113c4]" started-at="2024-10-28T16:45:29Z" name="Rtest" finished-at="2024-10-28T16:45:29Z" duration-ms="11" status="PASS">
          <reporter-output>
          </reporter-output>
        </test-method> <!-- Rtest -->
      </class> <!-- Login.Login -->
      <class name="Org.Organization">
        <test-method signature="Rtest()[pri:0, instance:Org.Organization@73e9cf30]" started-at="2024-10-28T16:45:29Z" name="Rtest" finished-at="2024-10-28T16:45:29Z" duration-ms="1" status="PASS">
          <reporter-output>
          </reporter-output>
        </test-method> <!-- Rtest -->
      </class> <!-- Org.Organization -->
    </test> <!-- Test -->
  </suite> <!-- Suite -->
</testng-results>
